Traceback (most recent call last):
  File "/playpen-storage/levlevi/contextualized-shot-quality-analysis/shot-quality-estimation/scripts/extract_shots/deployment/nba_pipeline/run.py", line 2, in <module>
    from extract_rh_shots import run_parallel_job
  File "/playpen-storage/levlevi/contextualized-shot-quality-analysis/shot-quality-estimation/scripts/extract_shots/deployment/nba_pipeline/extract_rh_shots.py", line 17, in <module>
    from utils import get_video_aspect_ratio, get_shot_subdir, shot_exists, save_and_process_shot
ImportError: cannot import name 'get_video_aspect_ratio' from 'utils' (unknown location)
Traceback (most recent call last):
  File "/playpen-storage/levlevi/contextualized-shot-quality-analysis/shot-quality-estimation/scripts/extract_shots/deployment/nba_pipeline/run.py", line 2, in <module>
    from extract_rh_shots import run_parallel_job
  File "/playpen-storage/levlevi/contextualized-shot-quality-analysis/shot-quality-estimation/scripts/extract_shots/deployment/nba_pipeline/extract_rh_shots.py", line 17, in <module>
    from utils import get_video_aspect_ratio, get_shot_subdir, shot_exists, save_and_process_shot
ImportError: cannot import name 'get_video_aspect_ratio' from 'utils' (unknown location)
Traceback (most recent call last):
  File "/playpen-storage/levlevi/contextualized-shot-quality-analysis/shot-quality-estimation/scripts/extract_shots/deployment/nba_pipeline/run.py", line 2, in <module>
    from extract_rh_shots import run_parallel_job
  File "/playpen-storage/levlevi/contextualized-shot-quality-analysis/shot-quality-estimation/scripts/extract_shots/deployment/nba_pipeline/extract_rh_shots.py", line 17, in <module>
    from utils.utils import get_video_aspect_ratio, get_shot_subdir, shot_exists, save_and_process_shot
  File "/playpen-storage/levlevi/contextualized-shot-quality-analysis/shot-quality-estimation/scripts/extract_shots/deployment/nba_pipeline/utils/utils.py", line 7, in <module>
    from truncate_clips_helpers import (
ModuleNotFoundError: No module named 'truncate_clips_helpers'
Traceback (most recent call last):
  File "/playpen-storage/levlevi/contextualized-shot-quality-analysis/shot-quality-estimation/scripts/extract_shots/deployment/nba_pipeline/run.py", line 2, in <module>
    from extract_rh_shots import run_parallel_job
  File "/playpen-storage/levlevi/contextualized-shot-quality-analysis/shot-quality-estimation/scripts/extract_shots/deployment/nba_pipeline/extract_rh_shots.py", line 17, in <module>
    from utils.utils import get_video_aspect_ratio, get_shot_subdir, shot_exists, save_and_process_shot
  File "/playpen-storage/levlevi/contextualized-shot-quality-analysis/shot-quality-estimation/scripts/extract_shots/deployment/nba_pipeline/utils/utils.py", line 7, in <module>
    from truncate import (
ModuleNotFoundError: No module named 'truncate'
